2020-02-14 15:30:53,604 INFO [api_login.py(__init__:12)] - 初始化登录 url：http://182.92.81.159/api/sys/login
2020-02-14 15:30:53,606 INFO [test01_login.py(test_login:20)] - 正在读取参数化数据：[('13800000002', '123456')]
2020-02-14 15:30:53,749 INFO [test01_login.py(test_login:23)] - 正在调用登录接口：<Response [200]>
2020-02-14 15:30:53,749 INFO [test01_login.py(test_login:26)] - 登录响应数据：{'success': True, 'code': 10000, 'message': '操作成功！', 'data': 'f537f8f6-b6a6-4373-888c-c5e022a61809'}
2020-02-14 15:30:53,749 INFO [test01_login.py(test_login:33)] - 正在提取token：f537f8f6-b6a6-4373-888c-c5e022a61809
2020-02-14 15:30:53,749 INFO [test01_login.py(test_login:35)] - 添加 token 值 到：{'Content-Type': 'application/json', 'Authorization': 'Bearer f537f8f6-b6a6-4373-888c-c5e022a61809'}
2020-02-14 15:30:53,750 INFO [api_employee.py(__init__:12)] - 正在初始化新增 url：http://182.92.81.159/api/sys/user
2020-02-14 15:30:53,750 INFO [api_employee.py(__init__:16)] - 正在初始化修改、新增、删除 url：http://182.92.81.159/api/sys/user/{}
2020-02-14 15:30:53,883 INFO [test02_employee.py(test01_post:23)] - 正在调用新增员工接口：<Response [200]>
2020-02-14 15:30:53,883 INFO [test02_employee.py(test01_post:27)] - 新增员工响应数据：{'success': True, 'code': 10000, 'message': '操作成功！', 'data': {'id': '1228220050649206784'}}
2020-02-14 15:30:53,883 INFO [test02_employee.py(test01_post:31)] - 提取 员工 id：1228220050649206784
2020-02-14 15:30:54,028 INFO [test02_employee.py(test02_put:37)] - 正在调用更新员工接口：<Response [200]>
2020-02-14 15:30:54,028 INFO [test02_employee.py(test02_put:40)] - 更新员工响应结果：{'success': True, 'code': 10000, 'message': '操作成功！', 'data': {'id': '1228220050649206784'}}
2020-02-14 15:30:54,161 INFO [test02_employee.py(test03_get:45)] - 正在调用查询员工接口：<Response [200]>
2020-02-14 15:30:54,161 INFO [test02_employee.py(test03_get:48)] - 查询员工响应结果：{'success': True, 'code': 10000, 'message': '操作成功！', 'data': {'id': '1228220050649206784', 'mobile': '13815477732', 'username': 'tom-new', 'password': '758ccf8d097d264d361e18f5d368a3ad', 'enableState': 1, 'createTime': None, 'companyId': '1', 'companyName': '传智播客', 'departmentId': None, 'timeOfEntry': None, 'formOfEmployment': None, 'workNumber': '10311101', 'formOfManagement': None, 'workingCity': None, 'correctionTime': None, 'inServiceStatus': None, 'departmentName': None, 'roleIds': [], 'staffPhoto': None}}
2020-02-14 15:30:54,299 INFO [test02_employee.py(test04_delete:53)] - 正在调用删除员工接口：<Response [200]>
2020-02-14 15:30:54,300 INFO [test02_employee.py(test04_delete:56)] - 删除员工响应结果：{'success': True, 'code': 10000, 'message': '操作成功！', 'data': None}
2020-02-14 20:04:09,949 INFO [api_login.py(__init__:12)] - 初始化登录 url：http://182.92.81.159/api/sys/login
2020-02-14 20:04:09,950 INFO [test01_login.py(test_login:20)] - 正在读取参数化数据：[('13800000002', '123456')]
2020-02-14 20:04:10,078 INFO [test01_login.py(test_login:23)] - 正在调用登录接口：<Response [200]>
2020-02-14 20:04:10,078 INFO [test01_login.py(test_login:26)] - 登录响应数据：{'success': True, 'code': 10000, 'message': '操作成功！', 'data': 'c6f5f9f3-3fab-4adf-a028-0dc3434eeee8'}
2020-02-14 20:04:10,078 INFO [test01_login.py(test_login:33)] - 正在提取token：c6f5f9f3-3fab-4adf-a028-0dc3434eeee8
2020-02-14 20:04:10,078 INFO [test01_login.py(test_login:35)] - 添加 token 值 到：{'Content-Type': 'application/json', 'Authorization': 'Bearer c6f5f9f3-3fab-4adf-a028-0dc3434eeee8'}
2020-02-14 20:04:10,124 INFO [api_employee.py(__init__:12)] - 正在初始化新增 url：http://182.92.81.159/api/sys/user
2020-02-14 20:04:10,124 INFO [api_employee.py(__init__:16)] - 正在初始化修改、新增、删除 url：http://182.92.81.159/api/sys/user/{}
2020-02-14 20:04:10,268 INFO [test02_employee.py(test01_post:23)] - 正在调用新增员工接口：<Response [200]>
2020-02-14 20:04:10,268 INFO [test02_employee.py(test01_post:27)] - 新增员工响应数据：{'success': True, 'code': 10000, 'message': '操作成功！', 'data': {'id': '1228288822202421248'}}
2020-02-14 20:04:10,268 INFO [test02_employee.py(test01_post:31)] - 提取 员工 id：1228288822202421248
2020-02-14 20:04:10,442 INFO [test02_employee.py(test02_put:37)] - 正在调用更新员工接口：<Response [200]>
2020-02-14 20:04:10,443 INFO [test02_employee.py(test02_put:40)] - 更新员工响应结果：{'success': True, 'code': 10000, 'message': '操作成功！', 'data': {'id': '1228288822202421248'}}
2020-02-14 20:04:10,598 INFO [test02_employee.py(test03_get:45)] - 正在调用查询员工接口：<Response [200]>
2020-02-14 20:04:10,598 INFO [test02_employee.py(test03_get:48)] - 查询员工响应结果：{'success': True, 'code': 10000, 'message': '操作成功！', 'data': {'id': '1228288822202421248', 'mobile': '13815477732', 'username': 'tom-new', 'password': '758ccf8d097d264d361e18f5d368a3ad', 'enableState': 1, 'createTime': None, 'companyId': '1', 'companyName': '传智播客', 'departmentId': None, 'timeOfEntry': None, 'formOfEmployment': None, 'workNumber': '10311101', 'formOfManagement': None, 'workingCity': None, 'correctionTime': None, 'inServiceStatus': None, 'departmentName': None, 'roleIds': [], 'staffPhoto': None}}
2020-02-14 20:04:10,772 INFO [test02_employee.py(test04_delete:53)] - 正在调用删除员工接口：<Response [200]>
2020-02-14 20:04:10,773 INFO [test02_employee.py(test04_delete:56)] - 删除员工响应结果：{'success': True, 'code': 10000, 'message': '操作成功！', 'data': None}
